#  /Developer/usr/bin/gdb t=0.071623 Tepoch=1343334890.561146
<- (gdb) 
-> 540-gdb-version
#  PBXGDB_MIGDBVersionCommand t=1.391797 Tepoch=1343334891.881321
-> 541-gdb-set auto-raise-load-levels 1
#  PBXGDB_MISetAutoRaiseSymbols t=1.391877 Tepoch=1343334891.881400
-> 542-gdb-set env DYLD_NO_FIX_PREBINDING YES
#  PBXGDB_MISetEnvCommand t=1.391942 Tepoch=1343334891.881465
-> 543-gdb-set env SSH_AUTH_SOCK /tmp/launch-nowT9f/Listeners
#  PBXGDB_MISetEnvCommand t=1.391997 Tepoch=1343334891.881520
-> 544-gdb-set env GL_ENABLE_DEBUG_ATTACH YES
#  PBXGDB_MISetEnvCommand t=1.392052 Tepoch=1343334891.881575
-> 545-gdb-set env C_INCLUDE_PATH /include:/usr/include:usr/local/include:/opt/local/include:/sw/include:/Developer/usr/include:/usr/local/clang+llvm-2.9-x86_64-apple-darwin10/include:/usr/local/apr/include:/usr/local/llvm-gcc-4.2-2.9-x86_64-apple-darwin10/include:/usr/local/cuda/include:/usr/local/mysql/include:/usr/local/mysql-5.5.9-osx10.6-x86_64/include:/usr/local/php5/include
#  PBXGDB_MISetEnvCommand t=1.392113 Tepoch=1343334891.881636
-> 546-gdb-set env Apple_PubSub_Socket_Render /tmp/launch-cijqHZ/Render
#  PBXGDB_MISetEnvCommand t=1.392168 Tepoch=1343334891.881691
-> 547-gdb-set env NODE_PATH /Users/ericgallager/node_modules:/opt/local/lib/node_modules
#  PBXGDB_MISetEnvCommand t=1.392220 Tepoch=1343334891.881743
-> 548-gdb-set env DBUS_FINK_SESSION_BUS_SOCKET /tmp/launch-grOwGI/unix_domain_listener
#  PBXGDB_MISetEnvCommand t=1.392271 Tepoch=1343334891.881794
-> 549-gdb-set env COM_GOOGLE_CHROME_FRAMEWORK_SERVICE_PROCESS/USERS/ERICGALLAGER/LIBRARY/APPLICATION_SUPPORT/GOOGLE/CHROME_CANARY_SOCKET /tmp/launch-hqfqTk/ServiceProcessSocket
#  PBXGDB_MISetEnvCommand t=1.392327 Tepoch=1343334891.881850
-> 550-gdb-set env DYLD_FRAMEWORK_PATH /Users/localadmin/Documents/School/Computer Science/Intro to C/Adder/build/Debug
#  PBXGDB_MISetEnvCommand t=1.392388 Tepoch=1343334891.881911
-> 551-gdb-set env USERBREAK 1
#  PBXGDB_MISetEnvCommand t=1.392442 Tepoch=1343334891.881965
-> 552-gdb-set env GNUSTEP_SYSTEM_ROOT /opt/local/GNUstep/System
#  PBXGDB_MISetEnvCommand t=1.392496 Tepoch=1343334891.882019
-> 553-gdb-set env SHELL /bin/bash
#  PBXGDB_MISetEnvCommand t=1.392550 Tepoch=1343334891.882073
-> 554-gdb-set env DYLD_LIBRARY_PATH /Users/localadmin/Documents/School/Computer Science/Intro to C/Adder/build/Debug
#  PBXGDB_MISetEnvCommand t=1.392602 Tepoch=1343334891.882125
-> 555-gdb-set env PKG_CONFIG_PATH /usr/lib/pkgconfig:/usr/local/lib/pkgconfig:/opt/local/lib/pkgconfig:/sw/lib/pkgconfig:/lib/pkgconfig:/Developer/usr/lib/pkgconfig
#  PBXGDB_MISetEnvCommand t=1.392655 Tepoch=1343334891.882178
-> 556-gdb-set env NSUnbufferedIO YES
#  PBXGDB_MISetEnvCommand t=1.392707 Tepoch=1343334891.882230
-> 557-gdb-set env PATH /Developer/usr/bin:/bin:/sbin:/usr/bin:/usr/sbin:/opt/local/bin:/opt/local/sbin:/opt/local/GNUstep/System/Tools:/sw/bin:/sw/sbin:/sw2/bootstrap/bin:/sw2/bootstrap/sbin:/usr/local/sbin:/Developer/Tools:/usr/local/tigcc/bin:/usr/local/texlive/2010basic/bin/universal-darwin:/usr/local/php5/bin:/usr/local/mysql-5.5.9-osx10.6-x86_64/bin:/usr/local/mysql/bin:/Developer/usr/bin:/Developer/usr/sbin:/Developer/usr/local/bin:/usr/local/heroku/bin:/usr/local/git/bin:/usr/local/foreman/bin:/usr/local/flexnetserver:/usr/local/clamXav/bin:/opt/nova/bin:/opt/local/lib/erlang/bin:/Users/ericgallager/Downloads/WebKit-r101776/Tools/CygwinDownloader/bin:/Users/ericgallager/Downloads/nacl_sdk/pepper_15/toolchain/mac_x86_newlib/bin:/Users/ericgallager/Downloads/nacl_sdk/pepper_15/toolchain/mac_x86_newlib/bin:/usr/local/ActivePerl-5.14/bin:/usr/local/PDK/bin:/opt/local/GNUstep/bin:/bin:/sbin:/usr/bin:/usr/sbin:/usr/local/bin:/usr/X11/bin:/usr/X11/lib/X11/xinit:/opt/X11/bin:/System/Library/Java/JavaVirtualMachines/1.6.0.jdk/Contents/Home/bin:/Library/Java/JavaVirtualMachines/1.6.0_29-b11-402.jdk/Contents/Home/bin:/Developer/GPU\ Computing/CUDALibraries/bin/darwin/release:/opt/local/src/go/go-57.1/bin:/opt/local/share/java/android-sdk-mac_x86/platform-tools:/usr/local/sdcc/bin:/usr/X11R6/bin:/Users/localadmin/.local/bin:/Users/ericgallager/go/bin:/Users/ericgallager/.gem/ruby/1.8/bin:/usr/local/osxbook/efi/gcc-4.1.0-glibc-2.3.6/i686-osxbook-linux-gnu/bin
#  PBXGDB_MISetEnvCommand t=1.393072 Tepoch=1343334891.882595
-> 558-gdb-set env DISPLAY /tmp/launch-nBCRtG/org.macosforge.xquartz:0
#  PBXGDB_MISetEnvCommand t=1.393155 Tepoch=1343334891.882679
-> 559-gdb-set env DBUS_LAUNCHD_SESSION_BUS_SOCKET /tmp/launch-yoTaUN/unix_domain_listener
#  PBXGDB_MISetEnvCommand t=1.393288 Tepoch=1343334891.882811
-> 560-gdb-set env COMMAND_MODE unix2003
#  PBXGDB_MISetEnvCommand t=1.393349 Tepoch=1343334891.882872
-> 561-gdb-set env HOME /Users/ericgallager
#  PBXGDB_MISetEnvCommand t=1.393408 Tepoch=1343334891.882931
-> 562-gdb-set env TMPDIR /var/folders/2V/2VxMt4WCF5avqTEcHvhx9k+++TI/-Tmp-/
#  PBXGDB_MISetEnvCommand t=1.393569 Tepoch=1343334891.883092
-> 563-gdb-set env USER ericgallager
#  PBXGDB_MISetEnvCommand t=1.393649 Tepoch=1343334891.883172
-> 564-gdb-set env GOROOT /opt/local/src/go/go-57.1
#  PBXGDB_MISetEnvCommand t=1.393813 Tepoch=1343334891.883336
-> 565-gdb-set env LOGNAME ericgallager
#  PBXGDB_MISetEnvCommand t=1.393867 Tepoch=1343334891.883390
-> 566-gdb-set env CVS_RSH ssh
#  PBXGDB_MISetEnvCommand t=1.393922 Tepoch=1343334891.883445
-> 567-gdb-set env __CF_USER_TEXT_ENCODING 0x1F5:0:0
#  PBXGDB_MISetEnvCommand t=1.393977 Tepoch=1343334891.883500
-> 568-gdb-set env SSH_ASKPASS /Developer/Library/PrivateFrameworks/DevToolsInterface.framework/Resources/Xcode SSHPassKey
#  PBXGDB_MISetEnvCommand t=1.394030 Tepoch=1343334891.883553
-> 569-gdb-set env DYLD_NEW_LOCAL_SHARED_REGIONS YES
#  PBXGDB_MISetEnvCommand t=1.394084 Tepoch=1343334891.883607
#  Enqueue seq in Command Q: <PBXGDB_SetupSharedLibrarySequence: 0x200956a20> t=1.394139 Tepoch=1343334891.883662
#  Executing Sequence: <PBXGDB_SetupSharedLibrarySequence: 0x200956a20> t=1.394194 Tepoch=1343334891.883717
-> 571-gdb-set inferior-auto-start-cfm off
#  PBXGDB_MISetLoadCFMInfoCommand t=1.394267 Tepoch=1343334891.883791
-> 570-gdb-set sharedLibrary load-rules dyld ".*AppKit.*" all dyld ".*libobjc.*" all dyld ".*CarbonDataFormatters.*" all dyld ".*libauto.*" all dyld ".*PBGDBIntrospectionSupport.*" all dyld ".*CFDataFormatters.*" all dyld ".*CoreFoundation.*" extern dyld ".*libSystem.*" all dyld ".*/usr/lib/dyld.*" all dyld ".*Foundation.*" all dyld "/System/Library/Frameworks\\\\|/System/Library/PrivateFrameworks\\\\|/usr/lib" extern dyld ".*" extern exec ".*" extern 
#  PBXGDB_MISetSharedLibraryLoadSymbolsCommand t=1.394478 Tepoch=1343334891.884001
-> 572tty /dev/ttys004
#  PBXGDB_MISetTTYCommand t=1.394536 Tepoch=1343334891.884059
#  Enqueue seq in Command Q: <PBXGDB_GenericMICommandSequence: 0x201dce540> t=1.394583 Tepoch=1343334891.884106
#  Enqueue seq in Command Q: <PBXGDB_FixAndContinueIsSupportedSequence: 0x2010aa2a0> t=1.394618 Tepoch=1343334891.884141
#  Enqueue seq in Command Q: <PBXGDB_NewBreakpointSequence: 0x2010d2400> t=1.405376 Tepoch=1343334891.894899
#  Enqueue seq in Command Q: <PBXGDB_NewBreakpointSequence: 0x201a8dde0> t=1.406745 Tepoch=1343334891.896268
#  Enqueue seq in Command Q: <PBXGDB_NewBreakpointSequence: 0x2024996e0> t=1.406842 Tepoch=1343334891.896365
#  Enqueue seq in Command Q: <PBXGDB_NewBreakpointSequence: 0x200aac980> t=1.406909 Tepoch=1343334891.896432
#  Enqueue seq in Command Q: <PBXGDB_NewBreakpointSequence: 0x201918d00> t=1.406993 Tepoch=1343334891.896516
#  Enqueue seq in Command Q: <PBXGDB_NewBreakpointSequence: 0x20108e100> t=1.407056 Tepoch=1343334891.896579
#  Enqueue seq in Command Q: <PBXGDB_NewBreakpointSequence: 0x201049100> t=1.407119 Tepoch=1343334891.896642
#  Enqueue seq in Command Q: <PBXGDB_NewBreakpointSequence: 0x200f603e0> t=1.407174 Tepoch=1343334891.896698
#  Enqueue seq in Command Q: <PBXGDB_NewBreakpointSequence: 0x200eed740> t=1.407231 Tepoch=1343334891.896754
#  Enqueue seq in Command Q: <PBXGDB_NewBreakpointSequence: 0x200e2c5c0> t=1.407305 Tepoch=1343334891.896828
#  Enqueue seq in Command Q: <PBXGDB_NewBreakpointSequence: 0x200055600> t=1.407365 Tepoch=1343334891.896888
#  Enqueue seq in Command Q: <PBXGDB_NewBreakpointSequence: 0x2026566c0> t=1.407442 Tepoch=1343334891.896965
#  Enqueue seq in Command Q: <PBXGDB_NewBreakpointSequence: 0x2024adf80> t=1.407546 Tepoch=1343334891.897069
#  Enqueue seq in Command Q: <PBXGDB_NewBreakpointSequence: 0x20107de20> t=1.408035 Tepoch=1343334891.897558
<- ~"GNU gdb 6.3.50-20050815 (Apple version gdb-1515) (Sat Jan 15 08:33:48 UTC 2011)\n"
<- ~"Copyright 2004 Free Software Foundation, Inc.\n"
<- ~"GDB is free software, covered by the GNU General Public License, and you are\nwelcome to change it and/or distribute copies of it under certain conditions.\nType \"show copying\" to see the conditions.\nThere is absolutely no warranty for GDB.  Type \"show warranty\" for details.\n"
<- ~"This GDB was configured as \"x86_64-apple-darwin\"."
<- 540^done,version="6.3.50-20050815 (Apple version gdb-1515)",rc_version="1515",target="x86_64-apple-darwin",build-date="Sat Jan 15 08:33:48 UTC 2011",time={wallclock="0.00071",user="0.00027",system="0.00008",start="1343334891.881622",end="1343334891.882332"}
#  processing result t=1.413448 Tepoch=1343334891.902971
<- (gdb) 
<- 541^done,time={wallclock="0.00003",user="0.00003",system="0.00000",start="1343334891.882464",end="1343334891.882496"}
#  processing result t=1.413561 Tepoch=1343334891.903084
<- (gdb) 
<- 542^done,time={wallclock="0.00006",user="0.00003",system="0.00003",start="1343334891.882566",end="1343334891.882627"}
#  processing result t=1.413654 Tepoch=1343334891.903177
<- (gdb) 
<- 543^done,time={wallclock="0.00001",user="0.00001",system="0.00000",start="1343334891.882716",end="1343334891.882726"}
#  processing result t=1.413745 Tepoch=1343334891.903268
<- (gdb) 
<- 544^done,time={wallclock="0.00001",user="0.00001",system="0.00000",start="1343334891.882793",end="1343334891.882802"}
#  processing result t=1.413838 Tepoch=1343334891.903361
<- (gdb) 
<- 545^done,time={wallclock="0.00001",user="0.00001",system="0.00000",start="1343334891.883269",end="1343334891.883281"}
#  processing result t=1.413929 Tepoch=1343334891.903452
<- (gdb) 
<- 546^done,time={wallclock="0.00001",user="0.00001",system="0.00000",start="1343334891.883380",end="1343334891.883389"}
#  processing result t=1.414023 Tepoch=1343334891.903546
<- (gdb) 
<- 547^done,time={wallclock="0.00001",user="0.00001",system="0.00000",start="1343334891.883508",end="1343334891.883517"}
#  processing result t=1.414124 Tepoch=1343334891.903647
<- (gdb) 
<- 548^done,time={wallclock="0.00001",user="0.00001",system="0.00000",start="1343334891.883633",end="1343334891.883642"}
#  processing result t=1.414215 Tepoch=1343334891.903738
<- (gdb) 
<- 549^done,time={wallclock="0.00001",user="0.00001",system="0.00000",start="1343334891.883868",end="1343334891.883879"}
#  processing result t=1.414313 Tepoch=1343334891.903836
<- (gdb) 
<- 550^done,time={wallclock="0.00001",user="0.00001",system="0.00000",start="1343334891.884034",end="1343334891.884043"}
#  processing result t=1.414404 Tepoch=1343334891.903927
<- (gdb) 
<- 551^done,time={wallclock="0.00001",user="0.00001",system="0.00000",start="1343334891.884092",end="1343334891.884101"}
#  processing result t=1.414498 Tepoch=1343334891.904021
<- (gdb) 
<- 552^done,time={wallclock="0.00003",user="0.00002",system="0.00000",start="1343334891.884906",end="1343334891.884933"}
#  processing result t=1.414670 Tepoch=1343334891.904194
<- (gdb) 
<- 553^done,time={wallclock="0.00001",user="0.00001",system="0.00000",start="1343334891.884994",end="1343334891.885002"}
#  processing result t=1.414816 Tepoch=1343334891.904339
<- (gdb) 
<- 554^done,time={wallclock="0.00001",user="0.00001",system="0.00000",start="1343334891.885154",end="1343334891.885164"}
#  processing result t=1.414927 Tepoch=1343334891.904450
<- (gdb) 
<- 555^done,time={wallclock="0.00001",user="0.00001",system="0.00000",start="1343334891.885372",end="1343334891.885383"}
#  processing result t=1.415033 Tepoch=1343334891.904556
<- (gdb) 
<- 556^done,time={wallclock="0.00001",user="0.00001",system="0.00000",start="1343334891.885440",end="1343334891.885449"}
#  processing result t=1.415149 Tepoch=1343334891.904672
<- (gdb) 
<- 557^done,time={wallclock="0.00002",user="0.00002",system="0.00000",start="1343334891.887218",end="1343334891.887237"}
#  processing result t=1.415289 Tepoch=1343334891.904812
<- (gdb) 
<- 558^done,time={wallclock="0.00001",user="0.00001",system="0.00000",start="1343334891.887336",end="1343334891.887346"}
#  processing result t=1.415394 Tepoch=1343334891.904917
<- (gdb) 
<- 559^done,time={wallclock="0.00001",user="0.00001",system="0.00000",start="1343334891.887465",end="1343334891.887474"}
#  processing result t=1.415485 Tepoch=1343334891.905008
<- (gdb) 
<- 560^done,time={wallclock="0.00001",user="0.00001",system="0.00000",start="1343334891.887534",end="1343334891.887543"}
#  processing result t=1.415576 Tepoch=1343334891.905099
<- (gdb) 
<- 561^done,time={wallclock="0.00001",user="0.00001",system="0.00000",start="1343334891.887607",end="1343334891.887616"}
#  processing result t=1.415665 Tepoch=1343334891.905188
<- (gdb) 
<- 562^done,time={wallclock="0.00001",user="0.00001",system="0.00000",start="1343334891.887719",end="1343334891.887728"}
#  processing result t=1.415757 Tepoch=1343334891.905280
<- (gdb) 
<- 563^done,time={wallclock="0.00001",user="0.00001",system="0.00000",start="1343334891.887784",end="1343334891.887793"}
#  processing result t=1.415846 Tepoch=1343334891.905369
<- (gdb) 
<- 564^done,time={wallclock="0.00001",user="0.00001",system="0.00000",start="1343334891.887866",end="1343334891.887875"}
#  processing result t=1.415937 Tepoch=1343334891.905460
<- (gdb) 
<- 565^done,time={wallclock="0.00001",user="0.00001",system="0.00000",start="1343334891.887935",end="1343334891.887944"}
#  processing result t=1.416028 Tepoch=1343334891.905551
<- (gdb) 
<- 566^done,time={wallclock="0.00001",user="0.00001",system="0.00000",start="1343334891.887996",end="1343334891.888006"}
#  processing result t=1.416117 Tepoch=1343334891.905640
<- (gdb) 
<- 567^done,time={wallclock="0.00001",user="0.00001",system="0.00000",start="1343334891.888080",end="1343334891.888090"}
#  processing result t=1.416208 Tepoch=1343334891.905731
<- (gdb) 
<- 568^done,time={wallclock="0.00001",user="0.00001",system="0.00000",start="1343334891.888246",end="1343334891.888255"}
#  processing result t=1.416306 Tepoch=1343334891.905829
<- (gdb) 
<- 569^done,time={wallclock="0.00001",user="0.00001",system="0.00000",start="1343334891.888330",end="1343334891.888339"}
#  processing result t=1.416402 Tepoch=1343334891.905925
<- (gdb) 
<- 571^done,time={wallclock="0.00004",user="0.00001",system="0.00003",start="1343334891.888402",end="1343334891.888446"}
#  processing result t=1.416530 Tepoch=1343334891.906053
<- (gdb) 
<- 570^done,time={wallclock="0.00003",user="0.00002",system="0.00000",start="1343334891.889000",end="1343334891.889025"}
#  processing result t=1.441700 Tepoch=1343334891.931223
-> 574sharedlibrary apply-load-rules all
#  PBXGDB_MISharedLibraryApplyLoadRulesCommand t=1.441779 Tepoch=1343334891.931302
<- (gdb) 
<- &"tty /dev/ttys004\n"
<- 572^done
#  processing result t=1.441969 Tepoch=1343334891.931492
<- (gdb) 
<- &"sharedlibrary apply-load-rules all\n"
<- 574^done
#  processing result t=1.448262 Tepoch=1343334891.937785
#  didFinish Sequence: <PBXGDB_SetupSharedLibrarySequence: 0x200956a20> t=1.448347 Tepoch=1343334891.937870
#  Executing Sequence: <PBXGDB_GenericMICommandSequence: 0x201dce540> t=1.448385 Tepoch=1343334891.937908
-> 573-file-exec-and-symbols "/Users/localadmin/Documents/School/Computer Science/Intro to C/Adder/build/Debug/Adder"
#  PBXGDB_MILoadExecutableCommand t=1.449554 Tepoch=1343334891.939077
<- (gdb) 
<- 573^done,time={wallclock="11.59060",user="0.06583",system="0.12600",start="1343334891.940468",end="1343334903.531065"}
#  processing result t=13.041982 Tepoch=1343334903.531505
#  didFinish Sequence: <PBXGDB_GenericMICommandSequence: 0x201dce540> t=13.043115 Tepoch=1343334903.532638
#  Executing Sequence: <PBXGDB_FixAndContinueIsSupportedSequence: 0x2010aa2a0> t=13.043164 Tepoch=1343334903.532687
-> 575-mi-verify-command file-fix-file-is-grooved
#  PBXGDB_MIVerifyCommandCommand t=13.043221 Tepoch=1343334903.532744
<- (gdb) 
<- 575^done,name="file-fix-file-is-grooved",defined="true",implemented="true",time={wallclock="0.00005",user="0.00003",system="0.00002",start="1343334903.532922",end="1343334903.532973"}
#  processing result t=13.065001 Tepoch=1343334903.554524
-> 576-file-fix-file-is-grooved
#  PBXGDB_MIFixAndContinueSupportedCommand t=13.065115 Tepoch=1343334903.554638
<- (gdb) 
<- 576^done,supported="0",details="Groove is gone.",time={wallclock="0.00007",user="0.00003",system="0.00004",start="1343334903.555487",end="1343334903.555556"}
#  processing result t=13.066373 Tepoch=1343334903.555896
#  didFinish Sequence: <PBXGDB_FixAndContinueIsSupportedSequence: 0x2010aa2a0> t=13.066426 Tepoch=1343334903.555949
#  Executing Sequence: <PBXGDB_NewBreakpointSequence: 0x2010d2400> t=13.066464 Tepoch=1343334903.555987
#  Passed verification of state before break create command t=13.066546 Tepoch=1343334903.556069
-> 577-break-insert -f -s "Adder" "\"Adder_main.c\":114"
#  PBXGDB_MICreateFileBreakpointCommand t=13.066591 Tepoch=1343334903.556114
<- (gdb) 
<- =shlib-state-modified,shlib-info=[num="1",name="Adder",kind="-",dyld-addr="-",reason="exec",requested-state="Y",state="Y",path="/Users/localadmin/Documents/School/Computer Science/Intro to C/Adder/build/Debug/Adder",description="/Users/localadmin/Documents/School/Computer Science/Intro to C/Adder/build/Debug/Adder",loaded_addr="",slide="0x0",prefix="",dsym-objpath="/Users/localadmin/Documents/School/Computer Science/Intro to C/Adder/build/Debug/Adder.dSYM/Contents/Resources/DWARF/Adder"]
<- 577^done,bkpt={number="1",type="breakpoint",disp="keep",enabled="y",addr="0x0000000100000c75",func="main",file="/Users/localadmin/Documents/School/Computer Science/Intro to C/Adder/Adder_main.c",line="114",shlib="/Users/localadmin/Documents/School/Computer Science/Intro to C/Adder/build/Debug/Adder",times="0"},time={wallclock="0.00396",user="0.00097",system="0.00296",start="1343334903.556426",end="1343334903.560390"}
#  processing result t=13.071324 Tepoch=1343334903.560847
#  didFinish Sequence: <PBXGDB_NewBreakpointSequence: 0x2010d2400> t=13.071936 Tepoch=1343334903.561460
#  Executing Sequence: <PBXGDB_NewBreakpointSequence: 0x201a8dde0> t=13.071977 Tepoch=1343334903.561501
#  Passed verification of state before break create command t=13.072072 Tepoch=1343334903.561595
-> 578-break-insert -f "\"adder_with_example_code_from_textbook.c\":47"
#  PBXGDB_MICreateFileBreakpointCommand t=13.072119 Tepoch=1343334903.561642
<- (gdb) 
#  Enqueue seq in Command Q: <PBXGDB_SetEnabledBreakpointSequence: 0x200ebbfe0> t=13.080328 Tepoch=1343334903.569851
<- 578^done,bkpt={number="2",type="breakpoint",disp="keep",enabled="y",addr="<PENDING>",pending="\"adder_with_example_code_from_textbook.c\":47",times="0"},time={wallclock="0.00015",user="0.00010",system="0.00004",start="1343334903.561893",end="1343334903.562038"}
#  processing result t=13.084213 Tepoch=1343334903.573736
#  didFinish Sequence: <PBXGDB_NewBreakpointSequence: 0x201a8dde0> t=13.084279 Tepoch=1343334903.573802
#  Executing Sequence: <PBXGDB_NewBreakpointSequence: 0x2024996e0> t=13.084315 Tepoch=1343334903.573838
#  Passed verification of state before break create command t=13.084374 Tepoch=1343334903.573897
-> 579-break-insert -f "\"adder_with_example_code_from_textbook.c\":53"
#  PBXGDB_MICreateFileBreakpointCommand t=13.084419 Tepoch=1343334903.573942
<- (gdb) 
<- 579^done,bkpt={number="3",type="breakpoint",disp="keep",enabled="y",addr="<PENDING>",pending="\"adder_with_example_code_from_textbook.c\":53",times="0"},time={wallclock="0.00012",user="0.00011",system="0.00001",start="1343334903.574150",end="1343334903.574266"}
#  processing result t=13.092149 Tepoch=1343334903.581672
#  didFinish Sequence: <PBXGDB_NewBreakpointSequence: 0x2024996e0> t=13.092225 Tepoch=1343334903.581748
#  Executing Sequence: <PBXGDB_NewBreakpointSequence: 0x200aac980> t=13.092261 Tepoch=1343334903.581784
#  Passed verification of state before break create command t=13.092324 Tepoch=1343334903.581847
-> 580-break-insert -f "\"adder_with_example_code_from_textbook.c\":59"
#  PBXGDB_MICreateFileBreakpointCommand t=13.092368 Tepoch=1343334903.581891
<- (gdb) 
<- 580^done,bkpt={number="4",type="breakpoint",disp="keep",enabled="y",addr="<PENDING>",pending="\"adder_with_example_code_from_textbook.c\":59",times="0"},time={wallclock="0.00015",user="0.00011",system="0.00003",start="1343334903.596188",end="1343334903.596333"}
#  processing result t=13.107091 Tepoch=1343334903.596614
#  didFinish Sequence: <PBXGDB_NewBreakpointSequence: 0x200aac980> t=13.107165 Tepoch=1343334903.596688
#  Executing Sequence: <PBXGDB_NewBreakpointSequence: 0x201918d00> t=13.107200 Tepoch=1343334903.596723
#  Passed verification of state before break create command t=13.107269 Tepoch=1343334903.596792
-> 581-break-insert -f "\"adder_with_example_code_from_textbook.c\":70"
#  PBXGDB_MICreateFileBreakpointCommand t=13.107311 Tepoch=1343334903.596834
<- (gdb) 
<- 581^done,bkpt={number="5",type="breakpoint",disp="keep",enabled="y",addr="<PENDING>",pending="\"adder_with_example_code_from_textbook.c\":70",times="0"},time={wallclock="0.00008",user="0.00007",system="0.00001",start="1343334903.597025",end="1343334903.597107"}
#  processing result t=13.107848 Tepoch=1343334903.597371
#  didFinish Sequence: <PBXGDB_NewBreakpointSequence: 0x201918d00> t=13.107899 Tepoch=1343334903.597422
#  Executing Sequence: <PBXGDB_NewBreakpointSequence: 0x20108e100> t=13.107933 Tepoch=1343334903.597456
#  Passed verification of state before break create command t=13.107982 Tepoch=1343334903.597505
-> 582-break-insert -f "\"adder_with_example_code_from_textbook.c\":73"
#  PBXGDB_MICreateFileBreakpointCommand t=13.108025 Tepoch=1343334903.597548
<- (gdb) 
<- 582^done,bkpt={number="6",type="breakpoint",disp="keep",enabled="y",addr="<PENDING>",pending="\"adder_with_example_code_from_textbook.c\":73",times="0"},time={wallclock="0.00008",user="0.00007",system="0.00001",start="1343334903.597731",end="1343334903.597808"}
#  processing result t=13.108566 Tepoch=1343334903.598089
#  didFinish Sequence: <PBXGDB_NewBreakpointSequence: 0x20108e100> t=13.108620 Tepoch=1343334903.598143
#  Executing Sequence: <PBXGDB_NewBreakpointSequence: 0x201049100> t=13.108686 Tepoch=1343334903.598209
#  Passed verification of state before break create command t=13.108740 Tepoch=1343334903.598263
-> 583-break-insert -f "\"adder_with_example_code_from_textbook.c\":30"
#  PBXGDB_MICreateFileBreakpointCommand t=13.108784 Tepoch=1343334903.598307
<- (gdb) 
<- 583^done,bkpt={number="7",type="breakpoint",disp="keep",enabled="y",addr="<PENDING>",pending="\"adder_with_example_code_from_textbook.c\":30",times="0"},time={wallclock="0.00008",user="0.00007",system="0.00001",start="1343334903.598605",end="1343334903.598686"}
#  processing result t=13.109433 Tepoch=1343334903.598956
#  didFinish Sequence: <PBXGDB_NewBreakpointSequence: 0x201049100> t=13.109480 Tepoch=1343334903.599003
#  Executing Sequence: <PBXGDB_NewBreakpointSequence: 0x200f603e0> t=13.109515 Tepoch=1343334903.599038
#  Passed verification of state before break create command t=13.109565 Tepoch=1343334903.599088
-> 584-break-insert -f "\"adder_with_example_code_from_textbook.c\":31"
#  PBXGDB_MICreateFileBreakpointCommand t=13.109609 Tepoch=1343334903.599132
<- (gdb) 
<- 584^done,bkpt={number="8",type="breakpoint",disp="keep",enabled="y",addr="<PENDING>",pending="\"adder_with_example_code_from_textbook.c\":31",times="0"},time={wallclock="0.00008",user="0.00007",system="0.00001",start="1343334903.599311",end="1343334903.599389"}
#  processing result t=13.110115 Tepoch=1343334903.599638
#  didFinish Sequence: <PBXGDB_NewBreakpointSequence: 0x200f603e0> t=13.110171 Tepoch=1343334903.599694
#  Executing Sequence: <PBXGDB_NewBreakpointSequence: 0x200eed740> t=13.110203 Tepoch=1343334903.599726
#  Passed verification of state before break create command t=13.110323 Tepoch=1343334903.599847
-> 585-break-insert -f "\"adder_with_example_code_from_textbook.c\":35"
#  PBXGDB_MICreateFileBreakpointCommand t=13.110363 Tepoch=1343334903.599886
<- (gdb) 
<- 585^done,bkpt={number="9",type="breakpoint",disp="keep",enabled="y",addr="<PENDING>",pending="\"adder_with_example_code_from_textbook.c\":35",times="0"},time={wallclock="0.00008",user="0.00007",system="0.00001",start="1343334903.600066",end="1343334903.600145"}
#  processing result t=13.116388 Tepoch=1343334903.605911
#  didFinish Sequence: <PBXGDB_NewBreakpointSequence: 0x200eed740> t=13.116498 Tepoch=1343334903.606021
#  Executing Sequence: <PBXGDB_NewBreakpointSequence: 0x200e2c5c0> t=13.116541 Tepoch=1343334903.606064
#  Passed verification of state before break create command t=13.116630 Tepoch=1343334903.606153
-> 586-break-insert -f "\"adder_with_example_code_from_textbook.c\":62"
#  PBXGDB_MICreateFileBreakpointCommand t=13.116676 Tepoch=1343334903.606199
<- (gdb) 
<- 586^done,bkpt={number="10",type="breakpoint",disp="keep",enabled="y",addr="<PENDING>",pending="\"adder_with_example_code_from_textbook.c\":62",times="0"},time={wallclock="0.00016",user="0.00011",system="0.00003",start="1343334903.606482",end="1343334903.606638"}
#  processing result t=13.117450 Tepoch=1343334903.606973
#  didFinish Sequence: <PBXGDB_NewBreakpointSequence: 0x200e2c5c0> t=13.117512 Tepoch=1343334903.607035
#  Executing Sequence: <PBXGDB_NewBreakpointSequence: 0x200055600> t=13.117545 Tepoch=1343334903.607069
#  Passed verification of state before break create command t=13.117602 Tepoch=1343334903.607125
-> 587-break-insert -f "\"adder_with_example_code_from_textbook.c\":50"
#  PBXGDB_MICreateFileBreakpointCommand t=13.117643 Tepoch=1343334903.607166
<- (gdb) 
<- 587^done,bkpt={number="11",type="breakpoint",disp="keep",enabled="y",addr="<PENDING>",pending="\"adder_with_example_code_from_textbook.c\":50",times="0"},time={wallclock="0.00010",user="0.00008",system="0.00001",start="1343334903.607348",end="1343334903.607447"}
#  processing result t=13.118172 Tepoch=1343334903.607695
#  didFinish Sequence: <PBXGDB_NewBreakpointSequence: 0x200055600> t=13.118224 Tepoch=1343334903.607747
#  Executing Sequence: <PBXGDB_NewBreakpointSequence: 0x2026566c0> t=13.118257 Tepoch=1343334903.607780
#  Passed verification of state before break create command t=13.118308 Tepoch=1343334903.607831
-> 588-break-insert -f "\"adder_with_example_code_from_textbook.c\":64"
#  PBXGDB_MICreateFileBreakpointCommand t=13.118352 Tepoch=1343334903.607875
<- (gdb) 
<- 588^done,bkpt={number="12",type="breakpoint",disp="keep",enabled="y",addr="<PENDING>",pending="\"adder_with_example_code_from_textbook.c\":64",times="0"},time={wallclock="0.00008",user="0.00007",system="0.00001",start="1343334903.608056",end="1343334903.608135"}
#  processing result t=13.118860 Tepoch=1343334903.608383
#  didFinish Sequence: <PBXGDB_NewBreakpointSequence: 0x2026566c0> t=13.118907 Tepoch=1343334903.608430
#  Executing Sequence: <PBXGDB_NewBreakpointSequence: 0x2024adf80> t=13.118939 Tepoch=1343334903.608463
#  Passed verification of state before break create command t=13.118986 Tepoch=1343334903.608509
-> 589-break-insert -f "\"adder_with_example_code_from_textbook.c\":66"
#  PBXGDB_MICreateFileBreakpointCommand t=13.119025 Tepoch=1343334903.608548
<- (gdb) 
<- 589^done,bkpt={number="13",type="breakpoint",disp="keep",enabled="y",addr="<PENDING>",pending="\"adder_with_example_code_from_textbook.c\":66",times="0"},time={wallclock="0.00008",user="0.00007",system="0.00001",start="1343334903.608726",end="1343334903.608802"}
#  processing result t=13.119526 Tepoch=1343334903.609049
#  didFinish Sequence: <PBXGDB_NewBreakpointSequence: 0x2024adf80> t=13.119572 Tepoch=1343334903.609095
#  Executing Sequence: <PBXGDB_NewBreakpointSequence: 0x20107de20> t=13.119603 Tepoch=1343334903.609127
-> 590-break-insert -f -s "libobjc.A.dylib" -- "objc_exception_throw"
#  PBXGDB_MICreateSymbolicBreakpointCommand t=13.119674 Tepoch=1343334903.609197
<- (gdb) 
<- 590^done,bkpt={number="14",type="breakpoint",disp="keep",enabled="y",addr="<PENDING>",pending="objc_exception_throw",times="0"},time={wallclock="0.00006",user="0.00006",system="0.00001",start="1343334903.609374",end="1343334903.609437"}
#  processing result t=13.120157 Tepoch=1343334903.609680
-> 591-exec-arguments 12346 9873
#  PBXGDB_MISetArgumentsCommand t=13.120735 Tepoch=1343334903.610258
#  Enqueue seq in Command Q: <PBXGDB_RegisterDataValueSetupSequence: 0x201940300> t=13.141438 Tepoch=1343334903.630961
#  Enqueue seq in State Changing Q: <PBXGDB_RunControlSequence: 0x20190a600> t=13.141536 Tepoch=1343334903.631059
#  didFinish Sequence: <PBXGDB_NewBreakpointSequence: 0x20107de20> t=13.141612 Tepoch=1343334903.631135
#  Executing Sequence: <PBXGDB_SetEnabledBreakpointSequence: 0x200ebbfe0> t=13.141688 Tepoch=1343334903.631212
-> 592-break-enable 1
#  PBXGDB_MIEnableBreakpointCommand t=13.141784 Tepoch=1343334903.631307
<- (gdb) 
<- 591^done,time={wallclock="0.00006",user="0.00005",system="0.00002",start="1343334903.631210",end="1343334903.631274"}
#  processing result t=13.142277 Tepoch=1343334903.631800
<- (gdb) 
<- 592^done,pending="0",time={wallclock="0.00007",user="0.00002",system="0.00005",start="1343334903.631450",end="1343334903.631517"}
#  processing result t=13.142383 Tepoch=1343334903.631906
#  didFinish Sequence: <PBXGDB_SetEnabledBreakpointSequence: 0x200ebbfe0> t=13.142452 Tepoch=1343334903.631976
#  Executing Sequence: <PBXGDB_RegisterDataValueSetupSequence: 0x201940300> t=13.142487 Tepoch=1343334903.632010
-> 593-data-list-register-names
#  PBXGDB_MIGetRegisterNames t=13.142537 Tepoch=1343334903.632060
<- (gdb) 
<- 593^done,register-names=["rax","rbx","rcx","rdx","rsi","rdi","rbp","rsp","r8","r9","r10","r11","r12","r13","r14","r15","rip","eflags","cs","ss","ds","es","fs","gs","st0","st1","st2","st3","st4","st5","st6","st7","fctrl","fstat","ftag","fiseg","fioff","foseg","fooff","fop","xmm0","xmm1","xmm2","xmm3","xmm4","xmm5","xmm6","xmm7","xmm8","xmm9","xmm10","xmm11","xmm12","xmm13","xmm14","xmm15","mxcsr"],time={wallclock="0.00019",user="0.00018",system="0.00000",start="1343334903.632243",end="1343334903.632429"}
#  processing result t=13.143314 Tepoch=1343334903.632837
#  didFinish Sequence: <PBXGDB_RegisterDataValueSetupSequence: 0x201940300> t=13.274970 Tepoch=1343334903.764493
#  Executing Sequence: <PBXGDB_RunControlSequence: 0x20190a600> t=13.275067 Tepoch=1343334903.764590
<- (gdb) 
-> 594-exec-run
#  PBXGDB_MIRunExecutableCommand t=13.279408 Tepoch=1343334903.768931
<- ~"[Switching to process 73008]\n"
<- =shlibs-updated
<- 594^running
#  processing result t=13.918724 Tepoch=1343334904.408247
-> 595-pid-info
#  PBXGDB_MIGetPIDCommand t=13.926707 Tepoch=1343334904.416231
<- (gdb) 
<- =shlibs-added,shlib-info=[num="2",name="Adder",kind="-",dyld-addr="0x100000000",reason="exec",requested-state="Y",state="Y",path="/Users/localadmin/Documents/School/Computer Science/Intro to C/Adder/build/Debug/Adder",description="/Users/localadmin/Documents/School/Computer Science/Intro to C/Adder/build/Debug/Adder",loaded_addr="",slide="0x0",prefix="",dsym-objpath="/Users/localadmin/Documents/School/Computer Science/Intro to C/Adder/build/Debug/Adder.dSYM/Contents/Resources/DWARF/Adder"],time={now="1343334904.513973"}
<- =shlibs-added,shlib-info=[num="3",name="libgomp.1.0.0.dylib",kind="-",dyld-addr="0x100003000",reason="dyld",requested-state="E",state="E",path="/usr/local/lib/libgomp.1.0.0.dylib",description="/usr/local/lib/libgomp.1.0.0.dylib",loaded_addr="0x100003000",slide="0x100003000",prefix=""],time={now="1343334904.514119"}
<- =shlibs-added,shlib-info=[num="4",name="libSystem.B.dylib",kind="-",dyld-addr="0x7fff89508000",reason="dyld",requested-state="Y",state="Y",path="/usr/lib/libSystem.B.dylib",description="/usr/lib/libSystem.B.dylib",loaded_addr="0x7fff89508000",slide="0x7fff89508000",prefix="",commpage-objpath="/usr/lib/libSystem.B.dylib[LC_SEGMENT.__DATA.__commpage]"],time={now="1343334904.514304"}
<- =shlibs-added,shlib-info=[num="5",name="libmathCommon.A.dylib",kind="-",dyld-addr="0x7fff88719000",reason="dyld",requested-state="E",state="E",path="/usr/lib/system/libmathCommon.A.dylib",description="/usr/lib/system/libmathCommon.A.dylib",loaded_addr="0x7fff88719000",slide="0x7fff88719000",prefix=""],time={now="1343334904.514415"}
<- 595^done,process-id="73008",time={wallclock="0.00002",user="0.00001",system="0.00001",start="1343334904.514915",end="1343334904.514931"}
#  processing result t=14.190896 Tepoch=1343334904.680419
#  didFinish Sequence: <PBXGDB_RunControlSequence: 0x20190a600> t=14.190985 Tepoch=1343334904.680508
<- (gdb) 
<- 594*stopped,time={wallclock="0.74764",user="0.00749",system="0.00974",start="1343334903.769195",end="1343334904.516839"},reason="exited-normally"
#  processing result t=14.197633 Tepoch=1343334904.687156
